0 info it worked if it ends with ok
1 verbose cli [ '/usr/local/bin/node',
1 verbose cli   '/usr/local/bin/npm',
1 verbose cli   'install',
1 verbose cli   '-g',
1 verbose cli   'ios-deploy' ]
2 info using npm@4.1.2
3 info using node@v7.6.0
4 silly loadCurrentTree Starting
5 silly install loadCurrentTree
6 silly install readGlobalPackageData
7 silly fetchPackageMetaData ios-deploy
8 silly fetchNamedPackageData ios-deploy
9 silly mapToRegistry name ios-deploy
10 silly mapToRegistry using default registry
11 silly mapToRegistry registry https://registry.npmjs.org/
12 silly mapToRegistry data Result {
12 silly mapToRegistry   raw: 'ios-deploy',
12 silly mapToRegistry   scope: null,
12 silly mapToRegistry   escapedName: 'ios-deploy',
12 silly mapToRegistry   name: 'ios-deploy',
12 silly mapToRegistry   rawSpec: '',
12 silly mapToRegistry   spec: 'latest',
12 silly mapToRegistry   type: 'tag' }
13 silly mapToRegistry uri https://registry.npmjs.org/ios-deploy
14 verbose request uri https://registry.npmjs.org/ios-deploy
15 verbose request no auth needed
16 info attempt registry request try #1 at 8:33:59 PM
17 verbose request using bearer token for auth
18 verbose request id e722bf3eaf641fc4
19 verbose etag W/"589653e6-a556"
20 verbose lastModified Sat, 04 Feb 2017 22:21:26 GMT
21 http request GET https://registry.npmjs.org/ios-deploy
22 http 304 https://registry.npmjs.org/ios-deploy
23 verbose headers { server: 'nginx/1.10.1',
23 verbose headers   'last-modified': 'Sat, 04 Feb 2017 22:21:26 GMT',
23 verbose headers   etag: '"589653e6-a556"',
23 verbose headers   'cache-control': 'max-age=300',
23 verbose headers   'accept-ranges': 'bytes',
23 verbose headers   date: 'Thu, 02 Mar 2017 19:33:59 GMT',
23 verbose headers   via: '1.1 varnish',
23 verbose headers   connection: 'keep-alive',
23 verbose headers   'x-served-by': 'cache-ams4146-AMS',
23 verbose headers   'x-cache': 'MISS',
23 verbose headers   'x-cache-hits': '0',
23 verbose headers   'x-timer': 'S1488483239.770214,VS0,VE6',
23 verbose headers   vary: 'Accept-Encoding' }
24 silly get cb [ 304,
24 silly get   { server: 'nginx/1.10.1',
24 silly get     'last-modified': 'Sat, 04 Feb 2017 22:21:26 GMT',
24 silly get     etag: '"589653e6-a556"',
24 silly get     'cache-control': 'max-age=300',
24 silly get     'accept-ranges': 'bytes',
24 silly get     date: 'Thu, 02 Mar 2017 19:33:59 GMT',
24 silly get     via: '1.1 varnish',
24 silly get     connection: 'keep-alive',
24 silly get     'x-served-by': 'cache-ams4146-AMS',
24 silly get     'x-cache': 'MISS',
24 silly get     'x-cache-hits': '0',
24 silly get     'x-timer': 'S1488483239.770214,VS0,VE6',
24 silly get     vary: 'Accept-Encoding' } ]
25 verbose etag https://registry.npmjs.org/ios-deploy from cache
26 verbose get saving ios-deploy to /Users/arnd/.npm/registry.npmjs.org/ios-deploy/.cache.json
27 verbose correctMkdir /Users/arnd/.npm correctMkdir not in flight; initializing
28 silly install normalizeTree
29 silly loadCurrentTree Finishing
30 silly loadIdealTree Starting
31 silly install loadIdealTree
32 silly cloneCurrentTree Starting
33 silly install cloneCurrentTreeToIdealTree
34 silly cloneCurrentTree Finishing
35 silly loadShrinkwrap Starting
36 silly install loadShrinkwrap
37 silly loadShrinkwrap Finishing
38 silly loadAllDepsIntoIdealTree Starting
39 silly install loadAllDepsIntoIdealTree
40 silly resolveWithNewModule ios-deploy@1.9.1 checking installable status
41 silly cache add args [ 'ios-deploy', null ]
42 verbose cache add spec ios-deploy
43 silly cache add parsed spec Result {
43 silly cache add   raw: 'ios-deploy',
43 silly cache add   scope: null,
43 silly cache add   escapedName: 'ios-deploy',
43 silly cache add   name: 'ios-deploy',
43 silly cache add   rawSpec: '',
43 silly cache add   spec: 'latest',
43 silly cache add   type: 'tag' }
44 silly addNamed ios-deploy@latest
45 verbose addNamed "latest" is being treated as a dist-tag for ios-deploy
46 info addNameTag [ 'ios-deploy', 'latest' ]
47 silly mapToRegistry name ios-deploy
48 silly mapToRegistry using default registry
49 silly mapToRegistry registry https://registry.npmjs.org/
50 silly mapToRegistry data Result {
50 silly mapToRegistry   raw: 'ios-deploy',
50 silly mapToRegistry   scope: null,
50 silly mapToRegistry   escapedName: 'ios-deploy',
50 silly mapToRegistry   name: 'ios-deploy',
50 silly mapToRegistry   rawSpec: '',
50 silly mapToRegistry   spec: 'latest',
50 silly mapToRegistry   type: 'tag' }
51 silly mapToRegistry uri https://registry.npmjs.org/ios-deploy
52 verbose addNameTag registry:https://registry.npmjs.org/ios-deploy not in flight; fetching
53 verbose get https://registry.npmjs.org/ios-deploy not expired, no request
54 silly addNameTag next cb for ios-deploy with tag latest
55 silly addNamed ios-deploy@1.9.1
56 verbose addNamed "1.9.1" is a plain semver version for ios-deploy
57 silly cache afterAdd ios-deploy@1.9.1
58 verbose afterAdd /Users/arnd/.npm/ios-deploy/1.9.1/package/package.json not in flight; writing
59 verbose correctMkdir /Users/arnd/.npm correctMkdir not in flight; initializing
60 verbose afterAdd /Users/arnd/.npm/ios-deploy/1.9.1/package/package.json written
61 silly loadAllDepsIntoIdealTree Finishing
62 silly loadIdealTree Finishing
63 silly currentTree lib
64 silly idealTree lib
64 silly idealTree └── ios-deploy@1.9.1
65 silly generateActionsToTake Starting
66 silly install generateActionsToTake
67 silly generateActionsToTake Finishing
68 silly diffTrees action count 1
69 silly diffTrees add ios-deploy@1.9.1
70 silly decomposeActions action count 8
71 silly decomposeActions fetch ios-deploy@1.9.1
72 silly decomposeActions extract ios-deploy@1.9.1
73 silly decomposeActions test ios-deploy@1.9.1
74 silly decomposeActions preinstall ios-deploy@1.9.1
75 silly decomposeActions build ios-deploy@1.9.1
76 silly decomposeActions install ios-deploy@1.9.1
77 silly decomposeActions postinstall ios-deploy@1.9.1
78 silly decomposeActions finalize ios-deploy@1.9.1
79 silly runTopLevelLifecycles Starting
80 silly executeActions Starting
81 silly install executeActions
82 silly doSerial global-install 0
83 silly doParallel fetch 1
84 verbose correctMkdir /Users/arnd/.npm/_locks correctMkdir not in flight; initializing
85 verbose lock using /Users/arnd/.npm/_locks/staging-3a08f0df5026584d.lock for /usr/local/lib/node_modules/.staging
86 silly doParallel extract 1
87 silly extract ios-deploy@1.9.1
88 verbose unbuild lib/node_modules/.staging/ios-deploy-298c9491
89 silly gentlyRm /usr/local/lib/node_modules/.staging/ios-deploy-298c9491 is being purged from base /usr/local
90 verbose gentlyRm don't care about contents; nuking /usr/local/lib/node_modules/.staging/ios-deploy-298c9491
91 verbose tar unpack /Users/arnd/.npm/ios-deploy/1.9.1/package.tgz
92 verbose tar unpacking to /usr/local/lib/node_modules/.staging/ios-deploy-298c9491
93 silly gentlyRm /usr/local/lib/node_modules/.staging/ios-deploy-298c9491 is being purged
94 verbose gentlyRm don't care about contents; nuking /usr/local/lib/node_modules/.staging/ios-deploy-298c9491
95 silly gunzTarPerm modes [ '755', '644' ]
96 silly gunzTarPerm extractEntry package.json
97 silly gunzTarPerm extractEntry .npmignore
98 silly gunzTarPerm extractEntry README.md
99 silly gunzTarPerm extractEntry LICENSE
100 silly gunzTarPerm extractEntry .travis.yml
101 silly gunzTarPerm extractEntry .github/CONTRIBUTING.md
102 silly gunzTarPerm extractEntry .github/ISSUE_TEMPLATE.md
103 silly gunzTarPerm extractEntry demo/.npmignore
104 silly gunzTarPerm extractEntry demo/Entitlements.plist
105 silly gunzTarPerm extractEntry demo/Info.plist
106 silly gunzTarPerm extractEntry demo/Makefile
107 silly gunzTarPerm extractEntry demo/ResourceRules.plist
108 silly gunzTarPerm extractEntry demo/demo.c
109 silly gunzTarPerm extractEntry ios-deploy.xcodeproj/project.pbxproj
110 silly gunzTarPerm extractEntry ios-deploy.xcodeproj/xcshareddata/xcschemes/ios-deploy-tests.xcscheme
111 silly gunzTarPerm extractEntry src/ios-deploy/MobileDevice.h
112 silly gunzTarPerm extractEntry src/ios-deploy/device_db.h
113 silly gunzTarPerm extractEntry src/ios-deploy/errors.h
114 silly gunzTarPerm extractEntry src/ios-deploy/ios-deploy.m
115 silly gunzTarPerm extractEntry src/ios-deploy/version.h
116 silly gunzTarPerm extractEntry src/ios-deploy-lib/libios_deploy.h
117 silly gunzTarPerm extractEntry src/ios-deploy-lib/libios_deploy.m
118 silly gunzTarPerm extractEntry src/ios-deploy-tests/Info.plist
119 silly gunzTarPerm extractEntry src/ios-deploy-tests/ios_deploy_tests.m
120 silly gunzTarPerm extractEntry src/scripts/check_reqs.js
121 silly gunzTarPerm extractEntry src/scripts/lldb.py
122 silly gentlyRm /usr/local/lib/node_modules/.staging/ios-deploy-298c9491/node_modules is being purged
123 verbose gentlyRm don't care about contents; nuking /usr/local/lib/node_modules/.staging/ios-deploy-298c9491/node_modules
124 silly doParallel preinstall 1
125 silly preinstall ios-deploy@1.9.1
126 info lifecycle ios-deploy@1.9.1~preinstall: ios-deploy@1.9.1
127 warn lifecycle ios-deploy@1.9.1~preinstall: cannot run in wd %s %s (wd=%s) ios-deploy@1.9.1 ./src/scripts/check_reqs.js && xcodebuild /usr/local/lib/node_modules/.staging/ios-deploy-298c9491
128 silly doReverseSerial remove 0
129 silly doSerial move 0
130 silly doSerial finalize 1
131 silly finalize /usr/local/lib/node_modules/ios-deploy
132 silly doSerial build 1
133 silly build ios-deploy@1.9.1
134 info linkStuff ios-deploy@1.9.1
135 silly linkStuff ios-deploy@1.9.1 has /usr/local/lib/node_modules as its parent node_modules
136 silly linkStuff ios-deploy@1.9.1 is part of a global install
137 silly linkStuff ios-deploy@1.9.1 is installed into a global node_modules
138 silly linkStuff ios-deploy@1.9.1 is installed into the top-level global node_modules
139 verbose linkBins ios-deploy@1.9.1
140 verbose linkBins [ { 'ios-deploy': './build/Release/ios-deploy' },
140 verbose linkBins   '/usr/local/bin',
140 verbose linkBins   true ]
141 verbose linkMans ios-deploy@1.9.1
142 verbose unlock done using /Users/arnd/.npm/_locks/staging-3a08f0df5026584d.lock for /usr/local/lib/node_modules/.staging
143 silly rollbackFailedOptional Starting
144 silly gentlyRm /usr/local/lib/node_modules/ios-deploy is being purged from base /usr/local/lib
145 verbose gentlyRm don't care about contents; nuking /usr/local/lib/node_modules/ios-deploy
146 silly gentlyRm /usr/local/lib/node_modules/ios-deploy is being purged from base /usr/local/lib
147 verbose gentlyRm don't care about contents; nuking /usr/local/lib/node_modules/ios-deploy
148 silly gentlyRm /usr/local/lib/node_modules/ios-deploy is being purged from base /usr/local/lib
149 verbose gentlyRm don't care about contents; nuking /usr/local/lib/node_modules/ios-deploy
150 silly gentlyRm /usr/local/lib/node_modules/ios-deploy is being purged from base /usr/local/lib
151 verbose gentlyRm don't care about contents; nuking /usr/local/lib/node_modules/ios-deploy
152 silly gentlyRm /usr/local/lib/node_modules/ios-deploy is being purged from base /usr/local/lib
153 verbose gentlyRm don't care about contents; nuking /usr/local/lib/node_modules/ios-deploy
154 silly gentlyRm /usr/local/lib/node_modules/ios-deploy is being purged from base /usr/local/lib
155 verbose gentlyRm don't care about contents; nuking /usr/local/lib/node_modules/ios-deploy
156 silly gentlyRm /usr/local/lib/node_modules/ios-deploy is being purged from base /usr/local/lib
157 verbose gentlyRm don't care about contents; nuking /usr/local/lib/node_modules/ios-deploy
158 silly gentlyRm /usr/local/lib/node_modules/ios-deploy is being purged from base /usr/local/lib
159 verbose gentlyRm don't care about contents; nuking /usr/local/lib/node_modules/ios-deploy
160 silly vacuum-fs purging /usr/local/lib/node_modules/ios-deploy
161 silly vacuum-fs purging /usr/local/lib/node_modules/ios-deploy
162 silly vacuum-fs purging /usr/local/lib/node_modules/ios-deploy
163 silly vacuum-fs purging /usr/local/lib/node_modules/ios-deploy
164 silly vacuum-fs purging /usr/local/lib/node_modules/ios-deploy
165 silly vacuum-fs purging /usr/local/lib/node_modules/ios-deploy
166 silly vacuum-fs purging /usr/local/lib/node_modules/ios-deploy
167 silly vacuum-fs purging /usr/local/lib/node_modules/ios-deploy
168 silly vacuum-fs quitting because other entries in /usr/local/lib/node_modules
169 silly vacuum-fs quitting because other entries in /usr/local/lib/node_modules
170 silly vacuum-fs quitting because other entries in /usr/local/lib/node_modules
171 silly vacuum-fs quitting because other entries in /usr/local/lib/node_modules
172 silly vacuum-fs quitting because other entries in /usr/local/lib/node_modules
173 silly vacuum-fs quitting because other entries in /usr/local/lib/node_modules
174 silly vacuum-fs quitting because other entries in /usr/local/lib/node_modules
175 silly vacuum-fs quitting because other entries in /usr/local/lib/node_modules
176 silly rollbackFailedOptional Finishing
177 silly runTopLevelLifecycles Finishing
178 silly install printInstalled
179 verbose stack Error: ENOENT: no such file or directory, chmod '/usr/local/lib/node_modules/ios-deploy/build/Release/ios-deploy'
180 verbose cwd /Users/arnd/OneDrive/Developer/hueWIapp
181 error Darwin 16.4.0
182 error argv "/usr/local/bin/node" "/usr/local/bin/npm" "install" "-g" "ios-deploy"
183 error node v7.6.0
184 error npm  v4.1.2
185 error path /usr/local/lib/node_modules/ios-deploy/build/Release/ios-deploy
186 error code ENOENT
187 error errno -2
188 error syscall chmod
189 error enoent ENOENT: no such file or directory, chmod '/usr/local/lib/node_modules/ios-deploy/build/Release/ios-deploy'
190 error enoent ENOENT: no such file or directory, chmod '/usr/local/lib/node_modules/ios-deploy/build/Release/ios-deploy'
190 error enoent This is most likely not a problem with npm itself
190 error enoent and is related to npm not being able to find a file.
191 verbose exit [ -2, true ]
